<?xml version="1.0" encoding="UTF-8"?>
<!-- Generated by org.testng.reporters.JUnitXMLReporter -->
<testsuite ignored="0" hostname="J7MP91M9LP" failures="0" tests="2" name="Surefire test" time="154.376" errors="0" timestamp="18 May 2023 17:55:17 GMT">
  <testcase classname="example.NewTest" name="testProductSearch on testProductSearch(example.NewTest)" time="70.594"/>
  <testcase classname="example.NewTest" name="testRegistration on testRegistration(example.NewTest)" time="154.245"/>
</testsuite> <!-- Surefire test -->
