<?xml version="1.0" encoding="UTF-8"?>
<testng-results ignored="0" total="2" passed="2" failed="0" skipped="0">
  <reporter-output>
  </reporter-output>
  <suite started-at="2023-05-18T17:52:42Z" name="Surefire suite" finished-at="2023-05-18T17:55:17Z" duration-ms="154376">
    <groups>
    </groups>
    <test started-at="2023-05-18T17:52:42Z" name="Surefire test" finished-at="2023-05-18T17:55:17Z" duration-ms="154376">
      <class name="example.NewTest">
        <test-method signature="testProductSearch()" started-at="2023-05-18T17:52:42Z" name="testProductSearch" finished-at="2023-05-18T17:53:53Z" duration-ms="70594" status="PASS">
          <reporter-output>
          </reporter-output>
        </test-method> <!-- testProductSearch -->
        <test-method signature="testRegistration()" started-at="2023-05-18T17:52:42Z" name="testRegistration" finished-at="2023-05-18T17:55:17Z" duration-ms="154245" status="PASS">
          <reporter-output>
          </reporter-output>
        </test-method> <!-- testRegistration -->
      </class> <!-- example.NewTest -->
    </test> <!-- Surefire test -->
  </suite> <!-- Surefire suite -->
</testng-results>
