<?xml version="1.0" encoding="UTF-8"?>
<testsuite xmlns:xsi="http://www.w3.org/2001/XMLSchema-instance" xsi:schemaLocation="https://maven.apache.org/surefire/maven-surefire-plugin/xsd/surefire-test-report.xsd" name="example.NewTest" time="154.684" tests="2" errors="0" skipped="0" failures="0">
  <properties>
[...]
</properties>
  <testcase name="testProductSearch on testProductSearch(example.NewTest)" classname="example.NewTest" time="70.538"/>
  <testcase name="testRegistration on testRegistration(example.NewTest)" classname="example.NewTest" time="83.703"/>
</testsuite>