<?xml version="1.0" encoding="UTF-8"?>
<testng-results ignored="0" total="1" passed="1" failed="0" skipped="0">
  <reporter-output>
  </reporter-output>
  <suite started-at="2023-05-16T18:12:37Z" name="Default suite" finished-at="2023-05-16T18:13:01Z" duration-ms="24252">
    <groups>
    </groups>
    <test started-at="2023-05-16T18:12:37Z" name="Default test" finished-at="2023-05-16T18:13:01Z" duration-ms="24252">
      <class name="example.NewTest">
        <test-method is-config="true" signature="beforeTest()[pri:0, instance:example.NewTest@1583741e]" started-at="2023-05-16T18:12:37Z" name="beforeTest" finished-at="2023-05-16T18:12:43Z" duration-ms="6063" status="PASS">
          <reporter-output>
          </reporter-output>
        </test-method> <!-- beforeTest -->
        <test-method signature="testEasy()[pri:0, instance:example.NewTest@1583741e]" started-at="2023-05-16T18:12:43Z" name="testEasy" finished-at="2023-05-16T18:13:01Z" duration-ms="17877" status="PASS">
          <reporter-output>
          </reporter-output>
        </test-method> <!-- testEasy -->
        <test-method is-config="true" signature="afterTest()[pri:0, instance:example.NewTest@1583741e]" started-at="2023-05-16T18:13:01Z" name="afterTest" finished-at="2023-05-16T18:13:01Z" duration-ms="298" status="PASS">
          <reporter-output>
          </reporter-output>
        </test-method> <!-- afterTest -->
      </class> <!-- example.NewTest -->
    </test> <!-- Default test -->
  </suite> <!-- Default suite -->
</testng-results>
